Line 14: Class MSAdodcLib.Adodc of control ado was not a loaded control class.
Line 20: The property name _ExtentX in ado is invalid.
Line 21: The property name _ExtentY in ado is invalid.
Line 22: The property name ConnectMode in ado is invalid.
Line 23: The property name CursorLocation in ado is invalid.
Line 24: The property name IsolationLevel in ado is invalid.
Line 25: The property name ConnectionTimeout in ado is invalid.
Line 26: The property name CommandTimeout in ado is invalid.
Line 27: The property name CursorType in ado is invalid.
Line 28: The property name LockType in ado is invalid.
Line 29: The property name CommandType in ado is invalid.
Line 30: The property name CursorOptions in ado is invalid.
Line 31: The property name CacheSize in ado is invalid.
Line 32: The property name MaxRecords in ado is invalid.
Line 33: The property name BOFAction in ado is invalid.
Line 34: The property name EOFAction in ado is invalid.
Line 35: The property name ConnectStringType in ado is invalid.
Line 39: The property name Orientation in ado is invalid.
Line 41: The property name Connect in ado is invalid.
Line 42: The property name OLEDBString in ado is invalid.
Line 43: The property name OLEDBFile in ado is invalid.
Line 44: The property name DataSourceName in ado is invalid.
Line 45: The property name OtherAttributes in ado is invalid.
Line 46: The property name UserName in ado is invalid.
Line 47: The property name Password in ado is invalid.
Line 48: The property name RecordSource in ado is invalid.
Line 49: The property name Caption in ado is invalid.
Line 59: The property name _Version in ado is invalid.
